14:24:43 **** Rebuild of configuration Debug for project SH1106_1 ****
Info: Internal Builder is used for build
arm-atollic-eabi-gcc -c -mthumb -mcpu=cortex-m3 -std=gnu11 -D__weak=__attribute__((weak)) -D__packed=__attribute__((__packed__)) -DUSE_HAL_DRIVER -DSTM32F103xB -I../Inc -I../Drivers/STM32F1xx_HAL_Driver/Inc -I../Drivers/STM32F1xx_HAL_Driver/Inc/Legacy -I../Drivers/CMSIS/Device/ST/STM32F1xx/Include -I../Drivers/CMSIS/Include -Os -ffunction-sections -fdata-sections -g -fstack-usage -Wall -specs=nano.specs -o Src\system_stm32f1xx.o ..\Src\system_stm32f1xx.c 
arm-atollic-eabi-gcc -c -mthumb -mcpu=cortex-m3 -std=gnu11 -D__weak=__attribute__((weak)) -D__packed=__attribute__((__packed__)) -DUSE_HAL_DRIVER -DSTM32F103xB -I../Inc -I../Drivers/STM32F1xx_HAL_Driver/Inc -I../Drivers/STM32F1xx_HAL_Driver/Inc/Legacy -I../Drivers/CMSIS/Device/ST/STM32F1xx/Include -I../Drivers/CMSIS/Include -Os -ffunction-sections -fdata-sections -g -fstack-usage -Wall -specs=nano.specs -o Drivers\STM32F1xx_HAL_Driver\Src\stm32f1xx_hal_gpio.o ..\Drivers\STM32F1xx_HAL_Driver\Src\stm32f1xx_hal_gpio.c 
arm-atollic-eabi-gcc -c -mthumb -mcpu=cortex-m3 -std=gnu11 -D__weak=__attribute__((weak)) -D__packed=__attribute__((__packed__)) -DUSE_HAL_DRIVER -DSTM32F103xB -I../Inc -I../Drivers/STM32F1xx_HAL_Driver/Inc -I../Drivers/STM32F1xx_HAL_Driver/Inc/Legacy -I../Drivers/CMSIS/Device/ST/STM32F1xx/Include -I../Drivers/CMSIS/Include -Os -ffunction-sections -fdata-sections -g -fstack-usage -Wall -specs=nano.specs -o Drivers\STM32F1xx_HAL_Driver\Src\stm32f1xx_hal_rcc_ex.o ..\Drivers\STM32F1xx_HAL_Driver\Src\stm32f1xx_hal_rcc_ex.c 
arm-atollic-eabi-gcc -c -mthumb -mcpu=cortex-m3 -std=gnu11 -D__weak=__attribute__((weak)) -D__packed=__attribute__((__packed__)) -DUSE_HAL_DRIVER -DSTM32F103xB -I../Inc -I../Drivers/STM32F1xx_HAL_Driver/Inc -I../Drivers/STM32F1xx_HAL_Driver/Inc/Legacy -I../Drivers/CMSIS/Device/ST/STM32F1xx/Include -I../Drivers/CMSIS/Include -Os -ffunction-sections -fdata-sections -g -fstack-usage -Wall -specs=nano.specs -o Src\main.o ..\Src\main.c 
..\Src\main.c:30:18: fatal error: oled.h: No such file or directory
 #include "oled.h"
                  ^
compilation terminated.
15:02:08 **** Incremental Build of configuration Debug for project SH1106_1 ****
Info: Internal Builder is used for build
arm-atollic-eabi-gcc -c -mthumb -mcpu=cortex-m3 -g -Wa,--no-warn -x assembler-with-cpp -specs=nano.specs -o startup\startup_stm32f103xb.o ..\startup\startup_stm32f103xb.s 
arm-atollic-eabi-gcc -c -mthumb -mcpu=cortex-m3 -std=gnu11 -D__weak=__attribute__((weak)) -D__packed=__attribute__((__packed__)) -DUSE_HAL_DRIVER -DSTM32F103xB -I../Inc -I../Drivers/STM32F1xx_HAL_Driver/Inc -I../Drivers/STM32F1xx_HAL_Driver/Inc/Legacy -I../Drivers/CMSIS/Device/ST/STM32F1xx/Include -I../Drivers/CMSIS/Include -I/SH1106_1/BSP/OLED -I/SH1106_1/BSP -Os -ffunction-sections -fdata-sections -g -fstack-usage -Wall -specs=nano.specs -o Drivers\STM32F1xx_HAL_Driver\Src\stm32f1xx_hal_i2c.o ..\Drivers\STM32F1xx_HAL_Driver\Src\stm32f1xx_hal_i2c.c 
arm-atollic-eabi-gcc -c -mthumb -mcpu=cortex-m3 -std=gnu11 -D__weak=__attribute__((weak)) -D__packed=__attribute__((__packed__)) -DUSE_HAL_DRIVER -DSTM32F103xB -I../Inc -I../Drivers/STM32F1xx_HAL_Driver/Inc -I../Drivers/STM32F1xx_HAL_Driver/Inc/Legacy -I../Drivers/CMSIS/Device/ST/STM32F1xx/Include -I../Drivers/CMSIS/Include -I/SH1106_1/BSP/OLED -I/SH1106_1/BSP -Os -ffunction-sections -fdata-sections -g -fstack-usage -Wall -specs=nano.specs -o Drivers\STM32F1xx_HAL_Driver\Src\stm32f1xx_hal_gpio.o ..\Drivers\STM32F1xx_HAL_Driver\Src\stm32f1xx_hal_gpio.c 
arm-atollic-eabi-gcc -c -mthumb -mcpu=cortex-m3 -std=gnu11 -D__weak=__attribute__((weak)) -D__packed=__attribute__((__packed__)) -DUSE_HAL_DRIVER -DSTM32F103xB -I../Inc -I../Drivers/STM32F1xx_HAL_Driver/Inc -I../Drivers/STM32F1xx_HAL_Driver/Inc/Legacy -I../Drivers/CMSIS/Device/ST/STM32F1xx/Include -I../Drivers/CMSIS/Include -I/SH1106_1/BSP/OLED -I/SH1106_1/BSP -Os -ffunction-sections -fdata-sections -g -fstack-usage -Wall -specs=nano.specs -o Drivers\STM32F1xx_HAL_Driver\Src\stm32f1xx_hal_rcc.o ..\Drivers\STM32F1xx_HAL_Driver\Src\stm32f1xx_hal_rcc.c 
arm-atollic-eabi-gcc -c -mthumb -mcpu=cortex-m3 -std=gnu11 -D__weak=__attribute__((weak)) -D__packed=__attribute__((__packed__)) -DUSE_HAL_DRIVER -DSTM32F103xB -I../Inc -I../Drivers/STM32F1xx_HAL_Driver/Inc -I../Drivers/STM32F1xx_HAL_Driver/Inc/Legacy -I../Drivers/CMSIS/Device/ST/STM32F1xx/Include -I../Drivers/CMSIS/Include -I/SH1106_1/BSP/OLED -I/SH1106_1/BSP -Os -ffunction-sections -fdata-sections -g -fstack-usage -Wall -specs=nano.specs -o Drivers\STM32F1xx_HAL_Driver\Src\stm32f1xx_hal_uart.o ..\Drivers\STM32F1xx_HAL_Driver\Src\stm32f1xx_hal_uart.c 
arm-atollic-eabi-gcc -c -mthumb -mcpu=cortex-m3 -std=gnu11 -D__weak=__attribute__((weak)) -D__packed=__attribute__((__packed__)) -DUSE_HAL_DRIVER -DSTM32F103xB -I../Inc -I../Drivers/STM32F1xx_HAL_Driver/Inc -I../Drivers/STM32F1xx_HAL_Driver/Inc/Legacy -I../Drivers/CMSIS/Device/ST/STM32F1xx/Include -I../Drivers/CMSIS/Include -I/SH1106_1/BSP/OLED -I/SH1106_1/BSP -Os -ffunction-sections -fdata-sections -g -fstack-usage -Wall -specs=nano.specs -o Drivers\STM32F1xx_HAL_Driver\Src\stm32f1xx_hal_cortex.o ..\Drivers\STM32F1xx_HAL_Driver\Src\stm32f1xx_hal_cortex.c 
arm-atollic-eabi-gcc -c -mthumb -mcpu=cortex-m3 -std=gnu11 -D__weak=__attribute__((weak)) -D__packed=__attribute__((__packed__)) -DUSE_HAL_DRIVER -DSTM32F103xB -I../Inc -I../Drivers/STM32F1xx_HAL_Driver/Inc -I../Drivers/STM32F1xx_HAL_Driver/Inc/Legacy -I../Drivers/CMSIS/Device/ST/STM32F1xx/Include -I../Drivers/CMSIS/Include -I/SH1106_1/BSP/OLED -I/SH1106_1/BSP -Os -ffunction-sections -fdata-sections -g -fstack-usage -Wall -specs=nano.specs -o Drivers\STM32F1xx_HAL_Driver\Src\stm32f1xx_hal_tim_ex.o ..\Drivers\STM32F1xx_HAL_Driver\Src\stm32f1xx_hal_tim_ex.c 
arm-atollic-eabi-gcc -c -mthumb -mcpu=cortex-m3 -std=gnu11 -D__weak=__attribute__((weak)) -D__packed=__attribute__((__packed__)) -DUSE_HAL_DRIVER -DSTM32F103xB -I../Inc -I../Drivers/STM32F1xx_HAL_Driver/Inc -I../Drivers/STM32F1xx_HAL_Driver/Inc/Legacy -I../Drivers/CMSIS/Device/ST/STM32F1xx/Include -I../Drivers/CMSIS/Include -I/SH1106_1/BSP/OLED -I/SH1106_1/BSP -Os -ffunction-sections -fdata-sections -g -fstack-usage -Wall -specs=nano.specs -o Src\main.o ..\Src\main.c 
..\Src\main.c:30:18: fatal error: oled.h: No such file or directory
 #include "oled.h"
                  ^
compilation terminated.
